


ARM Macro Assembler    Page 1 


    1 00000000         
    2 00000000         ; This register controls the clock gating logic in norma
                       l Run ;mode SYSCTL_RCGC2_R (p291 datasheet de lm3s9b92.p
                       df
    3 00000000         
    4 00000000 400FE108 
                       SYSCTL_PERIPH_GPIOF
                               EQU              0x400FE108
    5 00000000         
    6 00000000         ; The GPIODATA register is the data register
    7 00000000         ; GPIO Port F (APB) base: 0x4002.5000 (p416 datasheet de
                        ;lm3s9B92.pdf
    8 00000000         
    9 00000000 40024000 
                       GPIO_PORTE_BASE
                               EQU              0x40024000
   10 00000000         
   11 00000000         
   12 00000000         ; configure the corresponding pin to be an output
   13 00000000         ; all GPIO pins are inputs by default
   14 00000000         ; GPIO Direction (p417 datasheet de lm3s9B92.pdf
   15 00000000         
   16 00000000 00000400 
                       GPIO_O_DIR
                               EQU              0x400
   17 00000000         
   18 00000000         ; The GPIODR2R register is the 2-mA drive control regist
                       er
   19 00000000         ; By default, all GPIO pins have 2-mA drive.
   20 00000000         ; GPIO 2-mA Drive Select (p428 datasheet de lm3s9B92.pdf
                       )
   21 00000000         
   22 00000000 00000500 
                       GPIO_O_DR2R
                               EQU              0x500
   23 00000000         
   24 00000000         ; Digital enable register
   25 00000000         ; To use the pin as a digital input or output, the ;corr
                       esponding GPIODEN bit must be set.
   26 00000000         ; GPIO Digital Enable (p437 datasheet de lm3s9B92.pdf)
   27 00000000         
   28 00000000 0000051C 
                       GPIO_O_DEN
                               EQU              0x51C
   29 00000000         
   30 00000000         ; Registre pour activer les switchs  en logiciel (par d√
                       ©faut ;ils sont reli√©s √† la masse donc inactifs)
   31 00000000         
   32 00000000 00000510 
                       GPIO_PUR
                               EQU              0x510
   33 00000000         
   34 00000000         ; PORT E : selection des BUMPER GAUCHE et DROIT,LIGNE 01
                        du Port E
   35 00000000         
   36 00000000 00000003 
                       PORT01  EQU              0x03
   37 00000000         
   38 00000000         ; PORT E : selection du BUMPER DROIT, LIGNE 0 du Port E



ARM Macro Assembler    Page 2 


   39 00000000         
   40 00000000 00000001 
                       PORT0   EQU              0x01
   41 00000000         
   42 00000000         ; PORT E : selection du BUMPER DROIT, LIGNE 1 du Port E
   43 00000000         
   44 00000000 00000002 
                       PORT1   EQU              0x02
   45 00000000         
   46 00000000         
   47 00000000                 AREA             |.text|, CODE, READONLY
   48 00000000                 ENTRY
   49 00000000         
   50 00000000                 EXPORT           BUMPER_INIT
   51 00000000                 EXPORT           BUMPER_CHECK_DROIT
   52 00000000                 EXPORT           BUMPER_CHECK_GAUCHE
   53 00000000         
   54 00000000         
   55 00000000                 IMPORT           CALL_MOTEUR_RECULER_SHORT
   56 00000000                 IMPORT           MOTEUR_RECULER_SHORT
   57 00000000                 IMPORT           LOOP_SHORT
   58 00000000                 IMPORT           rotleft
   59 00000000                 IMPORT           rotright
   60 00000000         
   61 00000000         BUMPER_INIT
   62 00000000         ; Enable Digital Function - Port E
   63 00000000 4F0E            ldr              r7, = GPIO_PORTE_BASE+GPIO_O_DE
N
   64 00000002 F04F 0003       ldr              r0, = PORT01
   65 00000006 6038            str              r0, [r7]
   66 00000008         
   67 00000008         ; Activer le registre des bumpers, Port E
   68 00000008 4F0D            ldr              r7, = GPIO_PORTE_BASE+GPIO_PUR
   69 0000000A F04F 0003       ldr              r0, = PORT01
   70 0000000E 6038            str              r0, [r7]
   71 00000010 4770            BX               LR
   72 00000012         
   73 00000012         BUMPER_CHECK_DROIT
   74 00000012 4F0C            ldr              r7,= GPIO_PORTE_BASE + (PORT0<<
2)
   75 00000014 683D            ldr              r5, [r7]
   76 00000016 2D01            cmp              r5,#0x01
   77 00000018 D00E            BEQ              RETURN
   78 0000001A F7FF FFFE       bl               CALL_MOTEUR_RECULER_SHORT
   79 0000001E F7FF BFFE       B                rotleft
   80 00000022         
   81 00000022         BUMPER_CHECK_GAUCHE
   82 00000022 F8DF 9024       ldr              r9, = GPIO_PORTE_BASE + (PORT1<
<2)
   83 00000026 F8D9 A000       ldr              r10, [r9]
   84 0000002A F1BA 0F02       cmp              r10, #0x02
   85 0000002E D003            BEQ              RETURN
   86 00000030 F7FF FFFE       bl               CALL_MOTEUR_RECULER_SHORT
   87 00000034 F7FF BFFE       B                rotright
   88 00000038         
   89 00000038         
   90 00000038         RETURN
   91 00000038 4770            BX               lr
   92 0000003A         



ARM Macro Assembler    Page 3 


   93 0000003A                 END
              00 00 4002451C 
              40024510 
              40024004 
              40024008 
Command Line: --debug --xref --diag_suppress=9931 --cpu=Cortex-M3 --apcs=interw
ork --depend=.\objects\rk_config_bumper.d -o.\objects\rk_config_bumper.o -I.\RT
E\_Target_1 -IC:\Users\cypbo\AppData\Local\Arm\Packs\ARM\CMSIS\5.5.1\CMSIS\Core
\Include -IC:\Users\cypbo\AppData\Local\Arm\Packs\ARM\CMSIS\5.5.1\Device\ARM\AR
MCM3\Include --predefine="__EVAL SETA 1" --predefine="__UVISION_VERSION SETA 52
8" --predefine="_RTE_ SETA 1" --predefine="ARMCM3 SETA 1" --list=.\listings\rk_
config_bumper.lst RK_Config_Bumper.s



ARM Macro Assembler    Page 1 Alphabetic symbol ordering
Relocatable symbols

.text 00000000

Symbol: .text
   Definitions
      At line 47 in file RK_Config_Bumper.s
   Uses
      None
Comment: .text unused
BUMPER_CHECK_DROIT 00000012

Symbol: BUMPER_CHECK_DROIT
   Definitions
      At line 73 in file RK_Config_Bumper.s
   Uses
      At line 51 in file RK_Config_Bumper.s
Comment: BUMPER_CHECK_DROIT used once
BUMPER_CHECK_GAUCHE 00000022

Symbol: BUMPER_CHECK_GAUCHE
   Definitions
      At line 81 in file RK_Config_Bumper.s
   Uses
      At line 52 in file RK_Config_Bumper.s
Comment: BUMPER_CHECK_GAUCHE used once
BUMPER_INIT 00000000

Symbol: BUMPER_INIT
   Definitions
      At line 61 in file RK_Config_Bumper.s
   Uses
      At line 50 in file RK_Config_Bumper.s
Comment: BUMPER_INIT used once
RETURN 00000038

Symbol: RETURN
   Definitions
      At line 90 in file RK_Config_Bumper.s
   Uses
      At line 77 in file RK_Config_Bumper.s
      At line 85 in file RK_Config_Bumper.s

5 symbols



ARM Macro Assembler    Page 1 Alphabetic symbol ordering
Absolute symbols

GPIO_O_DEN 0000051C

Symbol: GPIO_O_DEN
   Definitions
      At line 28 in file RK_Config_Bumper.s
   Uses
      At line 63 in file RK_Config_Bumper.s
Comment: GPIO_O_DEN used once
GPIO_O_DIR 00000400

Symbol: GPIO_O_DIR
   Definitions
      At line 16 in file RK_Config_Bumper.s
   Uses
      None
Comment: GPIO_O_DIR unused
GPIO_O_DR2R 00000500

Symbol: GPIO_O_DR2R
   Definitions
      At line 22 in file RK_Config_Bumper.s
   Uses
      None
Comment: GPIO_O_DR2R unused
GPIO_PORTE_BASE 40024000

Symbol: GPIO_PORTE_BASE
   Definitions
      At line 9 in file RK_Config_Bumper.s
   Uses
      At line 63 in file RK_Config_Bumper.s
      At line 68 in file RK_Config_Bumper.s
      At line 74 in file RK_Config_Bumper.s
      At line 82 in file RK_Config_Bumper.s

GPIO_PUR 00000510

Symbol: GPIO_PUR
   Definitions
      At line 32 in file RK_Config_Bumper.s
   Uses
      At line 68 in file RK_Config_Bumper.s
Comment: GPIO_PUR used once
PORT0 00000001

Symbol: PORT0
   Definitions
      At line 40 in file RK_Config_Bumper.s
   Uses
      At line 74 in file RK_Config_Bumper.s
Comment: PORT0 used once
PORT01 00000003

Symbol: PORT01
   Definitions
      At line 36 in file RK_Config_Bumper.s
   Uses
      At line 64 in file RK_Config_Bumper.s
      At line 69 in file RK_Config_Bumper.s



ARM Macro Assembler    Page 2 Alphabetic symbol ordering
Absolute symbols


PORT1 00000002

Symbol: PORT1
   Definitions
      At line 44 in file RK_Config_Bumper.s
   Uses
      At line 82 in file RK_Config_Bumper.s
Comment: PORT1 used once
SYSCTL_PERIPH_GPIOF 400FE108

Symbol: SYSCTL_PERIPH_GPIOF
   Definitions
      At line 4 in file RK_Config_Bumper.s
   Uses
      None
Comment: SYSCTL_PERIPH_GPIOF unused
9 symbols



ARM Macro Assembler    Page 1 Alphabetic symbol ordering
External symbols

CALL_MOTEUR_RECULER_SHORT 00000000

Symbol: CALL_MOTEUR_RECULER_SHORT
   Definitions
      At line 55 in file RK_Config_Bumper.s
   Uses
      At line 78 in file RK_Config_Bumper.s
      At line 86 in file RK_Config_Bumper.s

LOOP_SHORT 00000000

Symbol: LOOP_SHORT
   Definitions
      At line 57 in file RK_Config_Bumper.s
   Uses
      None
Comment: LOOP_SHORT unused
MOTEUR_RECULER_SHORT 00000000

Symbol: MOTEUR_RECULER_SHORT
   Definitions
      At line 56 in file RK_Config_Bumper.s
   Uses
      None
Comment: MOTEUR_RECULER_SHORT unused
rotleft 00000000

Symbol: rotleft
   Definitions
      At line 58 in file RK_Config_Bumper.s
   Uses
      At line 79 in file RK_Config_Bumper.s
Comment: rotleft used once
rotright 00000000

Symbol: rotright
   Definitions
      At line 59 in file RK_Config_Bumper.s
   Uses
      At line 87 in file RK_Config_Bumper.s
Comment: rotright used once
5 symbols
355 symbols in table
